2025-02-10T09:33:44.954+09:00  INFO 37950 --- [restartedMain] com.mmk.BackendApplication               : Starting BackendApplication using Java 17.0.14 with PID 37950 (/Users/gimchaelim/Desktop/yono/mickle-muckle/app-backend/build/classes/java/main started by gimchaelim in /Users/gimchaelim/Desktop/yono/mickle-muckle/app-backend)
2025-02-10T09:33:44.954+09:00 DEBUG 37950 --- [restartedMain] com.mmk.BackendApplication               : Running with Spring Boot v3.1.9, Spring v6.0.17
2025-02-10T09:33:44.955+09:00  INFO 37950 --- [restartedMain] com.mmk.BackendApplication               : No active profile set, falling back to 1 default profile: "default"
2025-02-10T09:33:44.975+09:00  INFO 37950 --- [restartedMain] o.s.b.devtools.restart.ChangeableUrls    : The Class-Path manifest attribute in /Users/gimchaelim/.gradle/caches/modules-2/files-2.1/com.oracle.database.jdbc/ojdbc8/21.9.0.0/a68f29ad2376bdb8c04a87cda70c62907995855d/ojdbc8-21.9.0.0.jar referenced one or more files that do not exist: file:/Users/gimchaelim/.gradle/caches/modules-2/files-2.1/com.oracle.database.jdbc/ojdbc8/21.9.0.0/a68f29ad2376bdb8c04a87cda70c62907995855d/oraclepki.jar
2025-02-10T09:33:44.976+09:00  INFO 37950 --- [restartedMain] .e.DevToolsPropertyDefaultsPostProcessor : Devtools property defaults active! Set 'spring.devtools.add-properties' to 'false' to disable
2025-02-10T09:33:44.976+09:00  INFO 37950 --- [restartedMain] .e.DevToolsPropertyDefaultsPostProcessor : For additional web related logging consider setting the 'logging.level.web' property to 'DEBUG'
2025-02-10T09:33:45.310+09:00  WARN 37950 --- [restartedMain] o.m.s.mapper.ClassPathMapperScanner      : No MyBatis mapper was found in '[com.mmk]' package. Please check your configuration.
2025-02-10T09:33:45.512+09:00  INFO 37950 --- [restartedMain] o.s.b.w.embedded.tomcat.TomcatWebServer  : Tomcat initialized with port(s): 8065 (http)
2025-02-10T09:33:45.516+09:00  INFO 37950 --- [restartedMain] o.apache.catalina.core.StandardService   : Starting service [Tomcat]
2025-02-10T09:33:45.516+09:00  INFO 37950 --- [restartedMain] o.apache.catalina.core.StandardEngine    : Starting Servlet engine: [Apache Tomcat/10.1.19]
2025-02-10T09:33:45.543+09:00  INFO 37950 --- [restartedMain] o.a.c.c.C.[Tomcat].[localhost].[/]       : Initializing Spring embedded WebApplicationContext
2025-02-10T09:33:45.543+09:00  INFO 37950 --- [restartedMain] w.s.c.ServletWebServerApplicationContext : Root WebApplicationContext: initialization completed in 567 ms
2025-02-10T09:33:45.623+09:00  INFO 37950 --- [restartedMain] o.hibernate.jpa.internal.util.LogHelper  : HHH000204: Processing PersistenceUnitInfo [name: default]
2025-02-10T09:33:45.640+09:00  INFO 37950 --- [restartedMain] org.hibernate.Version                    : HHH000412: Hibernate ORM core version 6.2.22.Final
2025-02-10T09:33:45.640+09:00  INFO 37950 --- [restartedMain] org.hibernate.cfg.Environment            : HHH000406: Using bytecode reflection optimizer
2025-02-10T09:33:45.730+09:00  INFO 37950 --- [restartedMain] com.zaxxer.hikari.HikariDataSource       : HikariPool-1 - Starting...
2025-02-10T09:33:45.864+09:00  INFO 37950 --- [restartedMain] com.zaxxer.hikari.pool.HikariPool        : HikariPool-1 - Added connection oracle.jdbc.driver.T4CConnection@7cc2c601
2025-02-10T09:33:45.865+09:00  INFO 37950 --- [restartedMain] com.zaxxer.hikari.HikariDataSource       : HikariPool-1 - Start completed.
2025-02-10T09:33:45.904+09:00  WARN 37950 --- [restartedMain] org.hibernate.orm.deprecation            : HHH90000025: OracleDialect does not need to be specified explicitly using 'hibernate.dialect' (remove the property setting and it will be selected by default)
2025-02-10T09:33:46.287+09:00  INFO 37950 --- [restartedMain] o.h.e.t.j.p.i.JtaPlatformInitiator       : HHH000489: No JTA platform available (set 'hibernate.transaction.jta.platform' to enable JTA platform integration)
2025-02-10T09:33:47.187+09:00  WARN 37950 --- [restartedMain] JpaBaseConfiguration$JpaWebConfiguration : spring.jpa.open-in-view is enabled by default. Therefore, database queries may be performed during view rendering. Explicitly configure spring.jpa.open-in-view to disable this warning
2025-02-10T09:33:47.203+09:00  WARN 37950 --- [restartedMain] .s.s.UserDetailsServiceAutoConfiguration : 

Using generated security password: 27c52142-d1e5-4a22-888a-64524eb6a58d

This generated password is for development use only. Your security configuration must be updated before running your application in production.

2025-02-10T09:33:47.393+09:00  INFO 37950 --- [restartedMain] o.s.b.d.a.OptionalLiveReloadServer       : LiveReload server is running on port 35729
2025-02-10T09:33:47.407+09:00  INFO 37950 --- [restartedMain] o.s.b.w.embedded.tomcat.TomcatWebServer  : Tomcat started on port(s): 8065 (http) with context path ''
2025-02-10T09:33:47.414+09:00  INFO 37950 --- [restartedMain] com.mmk.BackendApplication               : Started BackendApplication in 2.602 seconds (process running for 2.884)
2025-02-10T09:36:25.468+09:00  INFO 37950 --- [http-nio-8065-exec-1] o.a.c.c.C.[Tomcat].[localhost].[/]       : Initializing Spring DispatcherServlet 'dispatcherServlet'
2025-02-10T09:58:12.681+09:00 ERROR 37950 --- [http-nio-8065-exec-7] o.a.c.c.C.[.[.[/].[dispatcherServlet]    : Servlet.service() for servlet [dispatcherServlet] in context with path [] threw exception [Request processing failed: java.util.NoSuchElementException: 해당 기관에 해당하는 카드가 없습니다.] with root cause

java.util.NoSuchElementException: 해당 기관에 해당하는 카드가 없습니다.
	at com.mmk.service.CardServiceImpl.getAllCardsByOrganizationCode(CardServiceImpl.java:93) ~[main/:na]
	at com.mmk.controller.CardController.getCardsByOrganization(CardController.java:49) ~[main/:na]
	at java.base/jdk.internal.reflect.NativeMethodAccessorImpl.invoke0(Native Method) ~[na:na]
	at java.base/jdk.internal.reflect.NativeMethodAccessorImpl.invoke(NativeMethodAccessorImpl.java:77) ~[na:na]
	at java.base/jdk.internal.reflect.DelegatingMethodAccessorImpl.invoke(DelegatingMethodAccessorImpl.java:43) ~[na:na]
	at java.base/java.lang.reflect.Method.invoke(Method.java:569) ~[na:na]
	at org.springframework.web.method.support.InvocableHandlerMethod.doInvoke(InvocableHandlerMethod.java:205) ~[spring-web-6.0.17.jar:6.0.17]
	at org.springframework.web.method.support.InvocableHandlerMethod.invokeForRequest(InvocableHandlerMethod.java:150) ~[spring-web-6.0.17.jar:6.0.17]
	at org.springframework.web.servlet.mvc.method.annotation.ServletInvocableHandlerMethod.invokeAndHandle(ServletInvocableHandlerMethod.java:118) ~[spring-webmvc-6.0.17.jar:6.0.17]
	at org.springframework.web.servlet.mvc.method.annotation.RequestMappingHandlerAdapter.invokeHandlerMethod(RequestMappingHandlerAdapter.java:887) ~[spring-webmvc-6.0.17.jar:6.0.17]
	at org.springframework.web.servlet.mvc.method.annotation.RequestMappingHandlerAdapter.handleInternal(RequestMappingHandlerAdapter.java:798) ~[spring-webmvc-6.0.17.jar:6.0.17]
	at org.springframework.web.servlet.mvc.method.AbstractHandlerMethodAdapter.handle(AbstractHandlerMethodAdapter.java:87) ~[spring-webmvc-6.0.17.jar:6.0.17]
	at org.springframework.web.servlet.DispatcherServlet.doDispatch(DispatcherServlet.java:1081) ~[spring-webmvc-6.0.17.jar:6.0.17]
	at org.springframework.web.servlet.DispatcherServlet.doService(DispatcherServlet.java:974) ~[spring-webmvc-6.0.17.jar:6.0.17]
	at org.springframework.web.servlet.FrameworkServlet.processRequest(FrameworkServlet.java:1014) ~[spring-webmvc-6.0.17.jar:6.0.17]
	at org.springframework.web.servlet.FrameworkServlet.doGet(FrameworkServlet.java:903) ~[spring-webmvc-6.0.17.jar:6.0.17]
	at jakarta.servlet.http.HttpServlet.service(HttpServlet.java:564) ~[tomcat-embed-core-10.1.19.jar:6.0]
	at org.springframework.web.servlet.FrameworkServlet.service(FrameworkServlet.java:885) ~[spring-webmvc-6.0.17.jar:6.0.17]
	at jakarta.servlet.http.HttpServlet.service(HttpServlet.java:658) ~[tomcat-embed-core-10.1.19.jar:6.0]
	at org.apache.catalina.core.ApplicationFilterChain.internalDoFilter(ApplicationFilterChain.java:205) ~[tomcat-embed-core-10.1.19.jar:10.1.19]
	at org.apache.catalina.core.ApplicationFilterChain.doFilter(ApplicationFilterChain.java:149) ~[tomcat-embed-core-10.1.19.jar:10.1.19]
	at org.apache.tomcat.websocket.server.WsFilter.doFilter(WsFilter.java:51) ~[tomcat-embed-websocket-10.1.19.jar:10.1.19]
	at org.apache.catalina.core.ApplicationFilterChain.internalDoFilter(ApplicationFilterChain.java:174) ~[tomcat-embed-core-10.1.19.jar:10.1.19]
	at org.apache.catalina.core.ApplicationFilterChain.doFilter(ApplicationFilterChain.java:149) ~[tomcat-embed-core-10.1.19.jar:10.1.19]
	at org.springframework.web.filter.CompositeFilter$VirtualFilterChain.doFilter(CompositeFilter.java:108) ~[spring-web-6.0.17.jar:6.0.17]
	at org.springframework.security.web.FilterChainProxy.lambda$doFilterInternal$3(FilterChainProxy.java:231) ~[spring-security-web-6.1.7.jar:6.1.7]
	at org.springframework.security.web.FilterChainProxy$VirtualFilterChain.doFilter(FilterChainProxy.java:365) ~[spring-security-web-6.1.7.jar:6.1.7]
	at org.springframework.security.web.access.intercept.AuthorizationFilter.doFilter(AuthorizationFilter.java:100) ~[spring-security-web-6.1.7.jar:6.1.7]
	at org.springframework.security.web.FilterChainProxy$VirtualFilterChain.doFilter(FilterChainProxy.java:374) ~[spring-security-web-6.1.7.jar:6.1.7]
	at org.springframework.security.web.access.ExceptionTranslationFilter.doFilter(ExceptionTranslationFilter.java:126) ~[spring-security-web-6.1.7.jar:6.1.7]
	at org.springframework.security.web.access.ExceptionTranslationFilter.doFilter(ExceptionTranslationFilter.java:120) ~[spring-security-web-6.1.7.jar:6.1.7]
	at org.springframework.security.web.FilterChainProxy$VirtualFilterChain.doFilter(FilterChainProxy.java:374) ~[spring-security-web-6.1.7.jar:6.1.7]
	at org.springframework.security.web.authentication.AnonymousAuthenticationFilter.doFilter(AnonymousAuthenticationFilter.java:100) ~[spring-security-web-6.1.7.jar:6.1.7]
	at org.springframework.security.web.FilterChainProxy$VirtualFilterChain.doFilter(FilterChainProxy.java:374) ~[spring-security-web-6.1.7.jar:6.1.7]
	at org.springframework.security.web.servletapi.SecurityContextHolderAwareRequestFilter.doFilter(SecurityContextHolderAwareRequestFilter.java:179) ~[spring-security-web-6.1.7.jar:6.1.7]
	at org.springframework.security.web.FilterChainProxy$VirtualFilterChain.doFilter(FilterChainProxy.java:374) ~[spring-security-web-6.1.7.jar:6.1.7]
	at org.springframework.security.web.savedrequest.RequestCacheAwareFilter.doFilter(RequestCacheAwareFilter.java:63) ~[spring-security-web-6.1.7.jar:6.1.7]
	at org.springframework.security.web.FilterChainProxy$VirtualFilterChain.doFilter(FilterChainProxy.java:374) ~[spring-security-web-6.1.7.jar:6.1.7]
	at org.springframework.security.web.authentication.logout.LogoutFilter.doFilter(LogoutFilter.java:107) ~[spring-security-web-6.1.7.jar:6.1.7]
	at org.springframework.security.web.authentication.logout.LogoutFilter.doFilter(LogoutFilter.java:93) ~[spring-security-web-6.1.7.jar:6.1.7]
	at org.springframework.security.web.FilterChainProxy$VirtualFilterChain.doFilter(FilterChainProxy.java:374) ~[spring-security-web-6.1.7.jar:6.1.7]
	at org.springframework.web.filter.CorsFilter.doFilterInternal(CorsFilter.java:91) ~[spring-web-6.0.17.jar:6.0.17]
	at org.springframework.web.filter.OncePerRequestFilter.doFilter(OncePerRequestFilter.java:116) ~[spring-web-6.0.17.jar:6.0.17]
	at org.springframework.security.web.FilterChainProxy$VirtualFilterChain.doFilter(FilterChainProxy.java:374) ~[spring-security-web-6.1.7.jar:6.1.7]
	at org.springframework.security.web.header.HeaderWriterFilter.doHeadersAfter(HeaderWriterFilter.java:90) ~[spring-security-web-6.1.7.jar:6.1.7]
	at org.springframework.security.web.header.HeaderWriterFilter.doFilterInternal(HeaderWriterFilter.java:75) ~[spring-security-web-6.1.7.jar:6.1.7]
	at org.springframework.web.filter.OncePerRequestFilter.doFilter(OncePerRequestFilter.java:116) ~[spring-web-6.0.17.jar:6.0.17]
	at org.springframework.security.web.FilterChainProxy$VirtualFilterChain.doFilter(FilterChainProxy.java:374) ~[spring-security-web-6.1.7.jar:6.1.7]
	at org.springframework.security.web.context.SecurityContextHolderFilter.doFilter(SecurityContextHolderFilter.java:82) ~[spring-security-web-6.1.7.jar:6.1.7]
	at org.springframework.security.web.context.SecurityContextHolderFilter.doFilter(SecurityContextHolderFilter.java:69) ~[spring-security-web-6.1.7.jar:6.1.7]
	at org.springframework.security.web.FilterChainProxy$VirtualFilterChain.doFilter(FilterChainProxy.java:374) ~[spring-security-web-6.1.7.jar:6.1.7]
	at org.springframework.security.web.context.request.async.WebAsyncManagerIntegrationFilter.doFilterInternal(WebAsyncManagerIntegrationFilter.java:62) ~[spring-security-web-6.1.7.jar:6.1.7]
	at org.springframework.web.filter.OncePerRequestFilter.doFilter(OncePerRequestFilter.java:116) ~[spring-web-6.0.17.jar:6.0.17]
	at org.springframework.security.web.FilterChainProxy$VirtualFilterChain.doFilter(FilterChainProxy.java:374) ~[spring-security-web-6.1.7.jar:6.1.7]
	at org.springframework.security.web.session.DisableEncodeUrlFilter.doFilterInternal(DisableEncodeUrlFilter.java:42) ~[spring-security-web-6.1.7.jar:6.1.7]
	at org.springframework.web.filter.OncePerRequestFilter.doFilter(OncePerRequestFilter.java:116) ~[spring-web-6.0.17.jar:6.0.17]
	at org.springframework.security.web.FilterChainProxy$VirtualFilterChain.doFilter(FilterChainProxy.java:374) ~[spring-security-web-6.1.7.jar:6.1.7]
	at org.springframework.security.web.FilterChainProxy.doFilterInternal(FilterChainProxy.java:233) ~[spring-security-web-6.1.7.jar:6.1.7]
	at org.springframework.security.web.FilterChainProxy.doFilter(FilterChainProxy.java:191) ~[spring-security-web-6.1.7.jar:6.1.7]
	at org.springframework.web.filter.CompositeFilter$VirtualFilterChain.doFilter(CompositeFilter.java:113) ~[spring-web-6.0.17.jar:6.0.17]
	at org.springframework.web.servlet.handler.HandlerMappingIntrospector.lambda$createCacheFilter$3(HandlerMappingIntrospector.java:195) ~[spring-webmvc-6.0.17.jar:6.0.17]
	at org.springframework.web.filter.CompositeFilter$VirtualFilterChain.doFilter(CompositeFilter.java:113) ~[spring-web-6.0.17.jar:6.0.17]
	at org.springframework.web.filter.CompositeFilter.doFilter(CompositeFilter.java:74) ~[spring-web-6.0.17.jar:6.0.17]
	at org.springframework.security.config.annotation.web.configuration.WebMvcSecurityConfiguration$CompositeFilterChainProxy.doFilter(WebMvcSecurityConfiguration.java:230) ~[spring-security-config-6.1.7.jar:6.1.7]
	at org.springframework.web.filter.DelegatingFilterProxy.invokeDelegate(DelegatingFilterProxy.java:352) ~[spring-web-6.0.17.jar:6.0.17]
	at org.springframework.web.filter.DelegatingFilterProxy.doFilter(DelegatingFilterProxy.java:268) ~[spring-web-6.0.17.jar:6.0.17]
	at org.apache.catalina.core.ApplicationFilterChain.internalDoFilter(ApplicationFilterChain.java:174) ~[tomcat-embed-core-10.1.19.jar:10.1.19]
	at org.apache.catalina.core.ApplicationFilterChain.doFilter(ApplicationFilterChain.java:149) ~[tomcat-embed-core-10.1.19.jar:10.1.19]
	at org.springframework.web.filter.RequestContextFilter.doFilterInternal(RequestContextFilter.java:100) ~[spring-web-6.0.17.jar:6.0.17]
	at org.springframework.web.filter.OncePerRequestFilter.doFilter(OncePerRequestFilter.java:116) ~[spring-web-6.0.17.jar:6.0.17]
	at org.apache.catalina.core.ApplicationFilterChain.internalDoFilter(ApplicationFilterChain.java:174) ~[tomcat-embed-core-10.1.19.jar:10.1.19]
	at org.apache.catalina.core.ApplicationFilterChain.doFilter(ApplicationFilterChain.java:149) ~[tomcat-embed-core-10.1.19.jar:10.1.19]
	at org.springframework.web.filter.FormContentFilter.doFilterInternal(FormContentFilter.java:93) ~[spring-web-6.0.17.jar:6.0.17]
	at org.springframework.web.filter.OncePerRequestFilter.doFilter(OncePerRequestFilter.java:116) ~[spring-web-6.0.17.jar:6.0.17]
	at org.apache.catalina.core.ApplicationFilterChain.internalDoFilter(ApplicationFilterChain.java:174) ~[tomcat-embed-core-10.1.19.jar:10.1.19]
	at org.apache.catalina.core.ApplicationFilterChain.doFilter(ApplicationFilterChain.java:149) ~[tomcat-embed-core-10.1.19.jar:10.1.19]
	at org.springframework.web.filter.CharacterEncodingFilter.doFilterInternal(CharacterEncodingFilter.java:201) ~[spring-web-6.0.17.jar:6.0.17]
	at org.springframework.web.filter.OncePerRequestFilter.doFilter(OncePerRequestFilter.java:116) ~[spring-web-6.0.17.jar:6.0.17]
	at org.apache.catalina.core.ApplicationFilterChain.internalDoFilter(ApplicationFilterChain.java:174) ~[tomcat-embed-core-10.1.19.jar:10.1.19]
	at org.apache.catalina.core.ApplicationFilterChain.doFilter(ApplicationFilterChain.java:149) ~[tomcat-embed-core-10.1.19.jar:10.1.19]
	at org.apache.catalina.core.StandardWrapperValve.invoke(StandardWrapperValve.java:167) ~[tomcat-embed-core-10.1.19.jar:10.1.19]
	at org.apache.catalina.core.StandardContextValve.invoke(StandardContextValve.java:90) ~[tomcat-embed-core-10.1.19.jar:10.1.19]
	at org.apache.catalina.authenticator.AuthenticatorBase.invoke(AuthenticatorBase.java:482) ~[tomcat-embed-core-10.1.19.jar:10.1.19]
	at org.apache.catalina.core.StandardHostValve.invoke(StandardHostValve.java:115) ~[tomcat-embed-core-10.1.19.jar:10.1.19]
	at org.apache.catalina.valves.ErrorReportValve.invoke(ErrorReportValve.java:93) ~[tomcat-embed-core-10.1.19.jar:10.1.19]
	at org.apache.catalina.core.StandardEngineValve.invoke(StandardEngineValve.java:74) ~[tomcat-embed-core-10.1.19.jar:10.1.19]
	at org.apache.catalina.connector.CoyoteAdapter.service(CoyoteAdapter.java:344) ~[tomcat-embed-core-10.1.19.jar:10.1.19]
	at org.apache.coyote.http11.Http11Processor.service(Http11Processor.java:391) ~[tomcat-embed-core-10.1.19.jar:10.1.19]
	at org.apache.coyote.AbstractProcessorLight.process(AbstractProcessorLight.java:63) ~[tomcat-embed-core-10.1.19.jar:10.1.19]
	at org.apache.coyote.AbstractProtocol$ConnectionHandler.process(AbstractProtocol.java:896) ~[tomcat-embed-core-10.1.19.jar:10.1.19]
	at org.apache.tomcat.util.net.NioEndpoint$SocketProcessor.doRun(NioEndpoint.java:1744) ~[tomcat-embed-core-10.1.19.jar:10.1.19]
	at org.apache.tomcat.util.net.SocketProcessorBase.run(SocketProcessorBase.java:52) ~[tomcat-embed-core-10.1.19.jar:10.1.19]
	at org.apache.tomcat.util.threads.ThreadPoolExecutor.runWorker(ThreadPoolExecutor.java:1191) ~[tomcat-embed-core-10.1.19.jar:10.1.19]
	at org.apache.tomcat.util.threads.ThreadPoolExecutor$Worker.run(ThreadPoolExecutor.java:659) ~[tomcat-embed-core-10.1.19.jar:10.1.19]
	at org.apache.tomcat.util.threads.TaskThread$WrappingRunnable.run(TaskThread.java:63) ~[tomcat-embed-core-10.1.19.jar:10.1.19]
	at java.base/java.lang.Thread.run(Thread.java:840) ~[na:na]

2025-02-10T09:59:00.877+09:00  INFO 37950 --- [SpringApplicationShutdownHook] com.zaxxer.hikari.HikariDataSource       : HikariPool-1 - Shutdown initiated...
2025-02-10T09:59:00.891+09:00  INFO 37950 --- [SpringApplicationShutdownHook] com.zaxxer.hikari.HikariDataSource       : HikariPool-1 - Shutdown completed.
2025-02-10T11:14:33.207+09:00  INFO 53145 --- [restartedMain] com.mmk.BackendApplication               : Starting BackendApplication using Java 17.0.14 with PID 53145 (/Users/gimchaelim/Desktop/yono/mickle-muckle/app-backend/build/classes/java/main started by gimchaelim in /Users/gimchaelim/Desktop/yono/mickle-muckle/app-backend)
2025-02-10T11:14:33.208+09:00 DEBUG 53145 --- [restartedMain] com.mmk.BackendApplication               : Running with Spring Boot v3.1.9, Spring v6.0.17
2025-02-10T11:14:33.209+09:00  INFO 53145 --- [restartedMain] com.mmk.BackendApplication               : No active profile set, falling back to 1 default profile: "default"
2025-02-10T11:14:33.225+09:00  INFO 53145 --- [restartedMain] o.s.b.devtools.restart.ChangeableUrls    : The Class-Path manifest attribute in /Users/gimchaelim/.gradle/caches/modules-2/files-2.1/com.oracle.database.jdbc/ojdbc8/21.9.0.0/a68f29ad2376bdb8c04a87cda70c62907995855d/ojdbc8-21.9.0.0.jar referenced one or more files that do not exist: file:/Users/gimchaelim/.gradle/caches/modules-2/files-2.1/com.oracle.database.jdbc/ojdbc8/21.9.0.0/a68f29ad2376bdb8c04a87cda70c62907995855d/oraclepki.jar
2025-02-10T11:14:33.225+09:00  INFO 53145 --- [restartedMain] .e.DevToolsPropertyDefaultsPostProcessor : Devtools property defaults active! Set 'spring.devtools.add-properties' to 'false' to disable
2025-02-10T11:14:33.225+09:00  INFO 53145 --- [restartedMain] .e.DevToolsPropertyDefaultsPostProcessor : For additional web related logging consider setting the 'logging.level.web' property to 'DEBUG'
2025-02-10T11:14:33.562+09:00  WARN 53145 --- [restartedMain] o.m.s.mapper.ClassPathMapperScanner      : No MyBatis mapper was found in '[com.mmk]' package. Please check your configuration.
2025-02-10T11:14:33.746+09:00  INFO 53145 --- [restartedMain] o.s.b.w.embedded.tomcat.TomcatWebServer  : Tomcat initialized with port(s): 8065 (http)
2025-02-10T11:14:33.749+09:00  INFO 53145 --- [restartedMain] o.apache.catalina.core.StandardService   : Starting service [Tomcat]
2025-02-10T11:14:33.749+09:00  INFO 53145 --- [restartedMain] o.apache.catalina.core.StandardEngine    : Starting Servlet engine: [Apache Tomcat/10.1.19]
2025-02-10T11:14:33.770+09:00  INFO 53145 --- [restartedMain] o.a.c.c.C.[Tomcat].[localhost].[/]       : Initializing Spring embedded WebApplicationContext
2025-02-10T11:14:33.770+09:00  INFO 53145 --- [restartedMain] w.s.c.ServletWebServerApplicationContext : Root WebApplicationContext: initialization completed in 545 ms
2025-02-10T11:14:33.838+09:00  INFO 53145 --- [restartedMain] o.hibernate.jpa.internal.util.LogHelper  : HHH000204: Processing PersistenceUnitInfo [name: default]
2025-02-10T11:14:33.854+09:00  INFO 53145 --- [restartedMain] org.hibernate.Version                    : HHH000412: Hibernate ORM core version 6.2.22.Final
2025-02-10T11:14:33.854+09:00  INFO 53145 --- [restartedMain] org.hibernate.cfg.Environment            : HHH000406: Using bytecode reflection optimizer
2025-02-10T11:14:33.939+09:00  INFO 53145 --- [restartedMain] com.zaxxer.hikari.HikariDataSource       : HikariPool-1 - Starting...
2025-02-10T11:14:34.083+09:00  INFO 53145 --- [restartedMain] com.zaxxer.hikari.pool.HikariPool        : HikariPool-1 - Added connection oracle.jdbc.driver.T4CConnection@170c4455
2025-02-10T11:14:34.084+09:00  INFO 53145 --- [restartedMain] com.zaxxer.hikari.HikariDataSource       : HikariPool-1 - Start completed.
2025-02-10T11:14:34.123+09:00  WARN 53145 --- [restartedMain] org.hibernate.orm.deprecation            : HHH90000025: OracleDialect does not need to be specified explicitly using 'hibernate.dialect' (remove the property setting and it will be selected by default)
2025-02-10T11:14:34.529+09:00  INFO 53145 --- [restartedMain] o.h.e.t.j.p.i.JtaPlatformInitiator       : HHH000489: No JTA platform available (set 'hibernate.transaction.jta.platform' to enable JTA platform integration)
2025-02-10T11:14:35.379+09:00  WARN 53145 --- [restartedMain] JpaBaseConfiguration$JpaWebConfiguration : spring.jpa.open-in-view is enabled by default. Therefore, database queries may be performed during view rendering. Explicitly configure spring.jpa.open-in-view to disable this warning
2025-02-10T11:14:35.388+09:00  WARN 53145 --- [restartedMain] .s.s.UserDetailsServiceAutoConfiguration : 

Using generated security password: b30d40b5-fc7b-4c4c-a4e6-f172b32d8d73

This generated password is for development use only. Your security configuration must be updated before running your application in production.

2025-02-10T11:14:35.551+09:00  INFO 53145 --- [restartedMain] o.s.b.d.a.OptionalLiveReloadServer       : LiveReload server is running on port 35729
2025-02-10T11:14:35.563+09:00  INFO 53145 --- [restartedMain] o.s.b.w.embedded.tomcat.TomcatWebServer  : Tomcat started on port(s): 8065 (http) with context path ''
2025-02-10T11:14:35.568+09:00  INFO 53145 --- [restartedMain] com.mmk.BackendApplication               : Started BackendApplication in 2.507 seconds (process running for 2.727)
2025-02-10T11:14:50.057+09:00  INFO 53145 --- [http-nio-8065-exec-1] o.a.c.c.C.[Tomcat].[localhost].[/]       : Initializing Spring DispatcherServlet 'dispatcherServlet'
2025-02-10T11:50:11.021+09:00  WARN 53145 --- [HikariPool-1 housekeeper] com.zaxxer.hikari.pool.HikariPool        : HikariPool-1 - Thread starvation or clock leap detected (housekeeper delta=2m6s574ms).
2025-02-10T12:06:27.330+09:00  WARN 53145 --- [HikariPool-1 housekeeper] com.zaxxer.hikari.pool.HikariPool        : HikariPool-1 - Thread starvation or clock leap detected (housekeeper delta=15m46s299ms).
2025-02-10T12:21:03.073+09:00  WARN 53145 --- [HikariPool-1 housekeeper] com.zaxxer.hikari.pool.HikariPool        : HikariPool-1 - Thread starvation or clock leap detected (housekeeper delta=14m5s734ms).
2025-02-10T12:38:09.039+09:00  WARN 53145 --- [HikariPool-1 housekeeper] com.zaxxer.hikari.pool.HikariPool        : HikariPool-1 - Thread starvation or clock leap detected (housekeeper delta=16m35s959ms).
2025-02-10T12:55:48.044+09:00  WARN 53145 --- [HikariPool-1 housekeeper] com.zaxxer.hikari.pool.HikariPool        : HikariPool-1 - Thread starvation or clock leap detected (housekeeper delta=17m39s5ms).
2025-02-10T13:14:11.091+09:00  WARN 53145 --- [HikariPool-1 housekeeper] com.zaxxer.hikari.pool.HikariPool        : HikariPool-1 - Thread starvation or clock leap detected (housekeeper delta=15m53s32ms).
2025-02-10T13:32:02.576+09:00  WARN 53145 --- [HikariPool-1 housekeeper] com.zaxxer.hikari.pool.HikariPool        : HikariPool-1 - Thread starvation or clock leap detected (housekeeper delta=16m21s470ms).
2025-02-10T13:35:01.167+09:00  WARN 53145 --- [HikariPool-1 housekeeper] com.zaxxer.hikari.pool.HikariPool        : HikariPool-1 - Thread starvation or clock leap detected (housekeeper delta=58s538ms).
2025-02-10T13:37:58.759+09:00  WARN 53145 --- [HikariPool-1 housekeeper] com.zaxxer.hikari.pool.HikariPool        : HikariPool-1 - Thread starvation or clock leap detected (housekeeper delta=2m57s592ms).
2025-02-11T14:32:17.266+09:00  INFO 7213 --- [restartedMain] com.mmk.BackendApplication               : Starting BackendApplication using Java 17.0.14 with PID 7213 (/Users/gimchaelim/Desktop/yono/mickle-muckle/app-backend/build/classes/java/main started by gimchaelim in /Users/gimchaelim/Desktop/yono/mickle-muckle/app-backend)
2025-02-11T14:32:17.266+09:00 DEBUG 7213 --- [restartedMain] com.mmk.BackendApplication               : Running with Spring Boot v3.1.9, Spring v6.0.17
2025-02-11T14:32:17.266+09:00  INFO 7213 --- [restartedMain] com.mmk.BackendApplication               : No active profile set, falling back to 1 default profile: "default"
2025-02-11T14:32:17.386+09:00  WARN 7213 --- [restartedMain] o.m.s.mapper.ClassPathMapperScanner      : No MyBatis mapper was found in '[com.mmk]' package. Please check your configuration.
2025-02-11T14:32:17.418+09:00  INFO 7213 --- [restartedMain] o.s.b.w.embedded.tomcat.TomcatWebServer  : Tomcat initialized with port(s): 8065 (http)
2025-02-11T14:32:17.419+09:00  INFO 7213 --- [restartedMain] o.apache.catalina.core.StandardService   : Starting service [Tomcat]
2025-02-11T14:32:17.419+09:00  INFO 7213 --- [restartedMain] o.apache.catalina.core.StandardEngine    : Starting Servlet engine: [Apache Tomcat/10.1.19]
2025-02-11T14:32:17.425+09:00  INFO 7213 --- [restartedMain] o.a.c.c.C.[Tomcat].[localhost].[/]       : Initializing Spring embedded WebApplicationContext
2025-02-11T14:32:17.425+09:00  INFO 7213 --- [restartedMain] w.s.c.ServletWebServerApplicationContext : Root WebApplicationContext: initialization completed in 158 ms
2025-02-11T14:32:17.445+09:00  INFO 7213 --- [restartedMain] o.hibernate.jpa.internal.util.LogHelper  : HHH000204: Processing PersistenceUnitInfo [name: default]
2025-02-11T14:32:17.448+09:00  INFO 7213 --- [restartedMain] com.zaxxer.hikari.HikariDataSource       : HikariPool-2 - Starting...
2025-02-11T14:32:17.490+09:00  INFO 7213 --- [restartedMain] com.zaxxer.hikari.pool.HikariPool        : HikariPool-2 - Added connection oracle.jdbc.driver.T4CConnection@6cba52ef
2025-02-11T14:32:17.490+09:00  INFO 7213 --- [restartedMain] com.zaxxer.hikari.HikariDataSource       : HikariPool-2 - Start completed.
2025-02-11T14:32:17.494+09:00  WARN 7213 --- [restartedMain] org.hibernate.orm.deprecation            : HHH90000025: OracleDialect does not need to be specified explicitly using 'hibernate.dialect' (remove the property setting and it will be selected by default)
2025-02-11T14:32:17.572+09:00  INFO 7213 --- [restartedMain] o.h.e.t.j.p.i.JtaPlatformInitiator       : HHH000489: No JTA platform available (set 'hibernate.transaction.jta.platform' to enable JTA platform integration)
2025-02-11T14:32:17.956+09:00  WARN 7213 --- [restartedMain] ConfigServletWebServerApplicationContext : Exception encountered during context initialization - cancelling refresh attempt: org.springframework.beans.factory.UnsatisfiedDependencyException: Error creating bean with name 'badgeController': Unsatisfied dependency expressed through field 'badgeService': No qualifying bean of type 'com.mmk.service.BadgeService' available: expected at least 1 bean which qualifies as autowire candidate. Dependency annotations: {@org.springframework.beans.factory.annotation.Autowired(required=true)}
2025-02-11T14:32:17.956+09:00  INFO 7213 --- [restartedMain] com.zaxxer.hikari.HikariDataSource       : HikariPool-2 - Shutdown initiated...
2025-02-11T14:32:17.967+09:00  INFO 7213 --- [restartedMain] com.zaxxer.hikari.HikariDataSource       : HikariPool-2 - Shutdown completed.
2025-02-11T14:32:18.727+09:00  INFO 10802 --- [restartedMain] com.mmk.BackendApplication               : Starting BackendApplication using Java 17.0.14 with PID 10802 (/Users/gimchaelim/Desktop/yono/mickle-muckle/app-backend/build/classes/java/main started by gimchaelim in /Users/gimchaelim/Desktop/yono/mickle-muckle/app-backend)
2025-02-11T14:32:18.727+09:00 DEBUG 10802 --- [restartedMain] com.mmk.BackendApplication               : Running with Spring Boot v3.1.9, Spring v6.0.17
2025-02-11T14:32:18.728+09:00  INFO 10802 --- [restartedMain] com.mmk.BackendApplication               : No active profile set, falling back to 1 default profile: "default"
2025-02-11T14:32:18.747+09:00  INFO 10802 --- [restartedMain] o.s.b.devtools.restart.ChangeableUrls    : The Class-Path manifest attribute in /Users/gimchaelim/.gradle/caches/modules-2/files-2.1/com.oracle.database.jdbc/ojdbc8/21.9.0.0/a68f29ad2376bdb8c04a87cda70c62907995855d/ojdbc8-21.9.0.0.jar referenced one or more files that do not exist: file:/Users/gimchaelim/.gradle/caches/modules-2/files-2.1/com.oracle.database.jdbc/ojdbc8/21.9.0.0/a68f29ad2376bdb8c04a87cda70c62907995855d/oraclepki.jar
2025-02-11T14:32:18.747+09:00  INFO 10802 --- [restartedMain] .e.DevToolsPropertyDefaultsPostProcessor : Devtools property defaults active! Set 'spring.devtools.add-properties' to 'false' to disable
2025-02-11T14:32:18.747+09:00  INFO 10802 --- [restartedMain] .e.DevToolsPropertyDefaultsPostProcessor : For additional web related logging consider setting the 'logging.level.web' property to 'DEBUG'
2025-02-11T14:32:19.089+09:00  WARN 10802 --- [restartedMain] o.m.s.mapper.ClassPathMapperScanner      : No MyBatis mapper was found in '[com.mmk]' package. Please check your configuration.
2025-02-11T14:32:19.284+09:00  INFO 10802 --- [restartedMain] o.s.b.w.embedded.tomcat.TomcatWebServer  : Tomcat initialized with port(s): 8065 (http)
2025-02-11T14:32:19.288+09:00  INFO 10802 --- [restartedMain] o.apache.catalina.core.StandardService   : Starting service [Tomcat]
2025-02-11T14:32:19.288+09:00  INFO 10802 --- [restartedMain] o.apache.catalina.core.StandardEngine    : Starting Servlet engine: [Apache Tomcat/10.1.19]
2025-02-11T14:32:19.314+09:00  INFO 10802 --- [restartedMain] o.a.c.c.C.[Tomcat].[localhost].[/]       : Initializing Spring embedded WebApplicationContext
2025-02-11T14:32:19.315+09:00  INFO 10802 --- [restartedMain] w.s.c.ServletWebServerApplicationContext : Root WebApplicationContext: initialization completed in 567 ms
2025-02-11T14:32:19.393+09:00  INFO 10802 --- [restartedMain] o.hibernate.jpa.internal.util.LogHelper  : HHH000204: Processing PersistenceUnitInfo [name: default]
2025-02-11T14:32:19.413+09:00  INFO 10802 --- [restartedMain] org.hibernate.Version                    : HHH000412: Hibernate ORM core version 6.2.22.Final
2025-02-11T14:32:19.414+09:00  INFO 10802 --- [restartedMain] org.hibernate.cfg.Environment            : HHH000406: Using bytecode reflection optimizer
2025-02-11T14:32:19.503+09:00  INFO 10802 --- [restartedMain] com.zaxxer.hikari.HikariDataSource       : HikariPool-1 - Starting...
2025-02-11T14:32:19.635+09:00  INFO 10802 --- [restartedMain] com.zaxxer.hikari.pool.HikariPool        : HikariPool-1 - Added connection oracle.jdbc.driver.T4CConnection@11ecc877
2025-02-11T14:32:19.636+09:00  INFO 10802 --- [restartedMain] com.zaxxer.hikari.HikariDataSource       : HikariPool-1 - Start completed.
2025-02-11T14:32:19.672+09:00  WARN 10802 --- [restartedMain] org.hibernate.orm.deprecation            : HHH90000025: OracleDialect does not need to be specified explicitly using 'hibernate.dialect' (remove the property setting and it will be selected by default)
2025-02-11T14:32:20.080+09:00  INFO 10802 --- [restartedMain] o.h.e.t.j.p.i.JtaPlatformInitiator       : HHH000489: No JTA platform available (set 'hibernate.transaction.jta.platform' to enable JTA platform integration)
2025-02-11T14:32:20.886+09:00  WARN 10802 --- [restartedMain] JpaBaseConfiguration$JpaWebConfiguration : spring.jpa.open-in-view is enabled by default. Therefore, database queries may be performed during view rendering. Explicitly configure spring.jpa.open-in-view to disable this warning
2025-02-11T14:32:20.895+09:00  WARN 10802 --- [restartedMain] .s.s.UserDetailsServiceAutoConfiguration : 

Using generated security password: ed0ec84d-5144-4b39-8b6b-8f7021a55307

This generated password is for development use only. Your security configuration must be updated before running your application in production.

2025-02-11T14:32:21.071+09:00  INFO 10802 --- [restartedMain] o.s.b.d.a.OptionalLiveReloadServer       : LiveReload server is running on port 35729
2025-02-11T14:32:21.084+09:00  INFO 10802 --- [restartedMain] o.s.b.w.embedded.tomcat.TomcatWebServer  : Tomcat started on port(s): 8065 (http) with context path ''
2025-02-11T14:32:21.090+09:00  INFO 10802 --- [restartedMain] com.mmk.BackendApplication               : Started BackendApplication in 2.503 seconds (process running for 2.715)
2025-02-11T16:27:40.807+09:00  INFO 19356 --- [restartedMain] com.mmk.BackendApplication               : Starting BackendApplication using Java 17.0.14 with PID 19356 (/Users/gimchaelim/Desktop/yono/mickle-muckle/app-backend/build/classes/java/main started by gimchaelim in /Users/gimchaelim/Desktop/yono/mickle-muckle/app-backend)
2025-02-11T16:27:40.808+09:00 DEBUG 19356 --- [restartedMain] com.mmk.BackendApplication               : Running with Spring Boot v3.1.9, Spring v6.0.17
2025-02-11T16:27:40.808+09:00  INFO 19356 --- [restartedMain] com.mmk.BackendApplication               : No active profile set, falling back to 1 default profile: "default"
2025-02-11T16:27:40.825+09:00  INFO 19356 --- [restartedMain] o.s.b.devtools.restart.ChangeableUrls    : The Class-Path manifest attribute in /Users/gimchaelim/.gradle/caches/modules-2/files-2.1/com.oracle.database.jdbc/ojdbc8/21.9.0.0/a68f29ad2376bdb8c04a87cda70c62907995855d/ojdbc8-21.9.0.0.jar referenced one or more files that do not exist: file:/Users/gimchaelim/.gradle/caches/modules-2/files-2.1/com.oracle.database.jdbc/ojdbc8/21.9.0.0/a68f29ad2376bdb8c04a87cda70c62907995855d/oraclepki.jar
2025-02-11T16:27:40.825+09:00  INFO 19356 --- [restartedMain] .e.DevToolsPropertyDefaultsPostProcessor : Devtools property defaults active! Set 'spring.devtools.add-properties' to 'false' to disable
2025-02-11T16:27:40.826+09:00  INFO 19356 --- [restartedMain] .e.DevToolsPropertyDefaultsPostProcessor : For additional web related logging consider setting the 'logging.level.web' property to 'DEBUG'
2025-02-11T16:27:41.178+09:00  WARN 19356 --- [restartedMain] o.m.s.mapper.ClassPathMapperScanner      : No MyBatis mapper was found in '[com.mmk]' package. Please check your configuration.
2025-02-11T16:27:41.378+09:00  INFO 19356 --- [restartedMain] o.s.b.w.embedded.tomcat.TomcatWebServer  : Tomcat initialized with port(s): 8065 (http)
2025-02-11T16:27:41.382+09:00  INFO 19356 --- [restartedMain] o.apache.catalina.core.StandardService   : Starting service [Tomcat]
2025-02-11T16:27:41.382+09:00  INFO 19356 --- [restartedMain] o.apache.catalina.core.StandardEngine    : Starting Servlet engine: [Apache Tomcat/10.1.19]
2025-02-11T16:27:41.406+09:00  INFO 19356 --- [restartedMain] o.a.c.c.C.[Tomcat].[localhost].[/]       : Initializing Spring embedded WebApplicationContext
2025-02-11T16:27:41.406+09:00  INFO 19356 --- [restartedMain] w.s.c.ServletWebServerApplicationContext : Root WebApplicationContext: initialization completed in 580 ms
2025-02-11T16:27:41.481+09:00  INFO 19356 --- [restartedMain] o.hibernate.jpa.internal.util.LogHelper  : HHH000204: Processing PersistenceUnitInfo [name: default]
2025-02-11T16:27:41.498+09:00  INFO 19356 --- [restartedMain] org.hibernate.Version                    : HHH000412: Hibernate ORM core version 6.2.22.Final
2025-02-11T16:27:41.499+09:00  INFO 19356 --- [restartedMain] org.hibernate.cfg.Environment            : HHH000406: Using bytecode reflection optimizer
2025-02-11T16:27:41.584+09:00  INFO 19356 --- [restartedMain] com.zaxxer.hikari.HikariDataSource       : HikariPool-1 - Starting...
2025-02-11T16:27:41.716+09:00  INFO 19356 --- [restartedMain] com.zaxxer.hikari.pool.HikariPool        : HikariPool-1 - Added connection oracle.jdbc.driver.T4CConnection@d19038a
2025-02-11T16:27:41.716+09:00  INFO 19356 --- [restartedMain] com.zaxxer.hikari.HikariDataSource       : HikariPool-1 - Start completed.
2025-02-11T16:27:41.757+09:00  WARN 19356 --- [restartedMain] org.hibernate.orm.deprecation            : HHH90000025: OracleDialect does not need to be specified explicitly using 'hibernate.dialect' (remove the property setting and it will be selected by default)
2025-02-11T16:27:42.175+09:00  INFO 19356 --- [restartedMain] o.h.e.t.j.p.i.JtaPlatformInitiator       : HHH000489: No JTA platform available (set 'hibernate.transaction.jta.platform' to enable JTA platform integration)
2025-02-11T16:27:42.884+09:00  WARN 19356 --- [restartedMain] JpaBaseConfiguration$JpaWebConfiguration : spring.jpa.open-in-view is enabled by default. Therefore, database queries may be performed during view rendering. Explicitly configure spring.jpa.open-in-view to disable this warning
2025-02-11T16:27:42.896+09:00  WARN 19356 --- [restartedMain] .s.s.UserDetailsServiceAutoConfiguration : 

Using generated security password: 6f814748-414e-4927-8fd5-a742b45b637f

This generated password is for development use only. Your security configuration must be updated before running your application in production.

2025-02-11T16:27:43.075+09:00  INFO 19356 --- [restartedMain] o.s.b.d.a.OptionalLiveReloadServer       : LiveReload server is running on port 35729
2025-02-11T16:27:43.089+09:00  INFO 19356 --- [restartedMain] o.s.b.w.embedded.tomcat.TomcatWebServer  : Tomcat started on port(s): 8065 (http) with context path ''
2025-02-11T16:27:43.095+09:00  INFO 19356 --- [restartedMain] com.mmk.BackendApplication               : Started BackendApplication in 2.425 seconds (process running for 2.668)
2025-02-11T16:27:52.346+09:00  INFO 19356 --- [http-nio-8065-exec-1] o.a.c.c.C.[Tomcat].[localhost].[/]       : Initializing Spring DispatcherServlet 'dispatcherServlet'
2025-02-11T16:46:22.195+09:00 DEBUG 19356 --- [http-nio-8065-exec-2] com.mmk.controller.CardController        : userDTO: UserDTO(userNum=0, userId=crtestid, password=1234, email=null, name=null, isSocialLogin=false, spendingTarget=0, profile=temp_profile, state=null, userRole=null, createdAt=null, updatedAt=null)
2025-02-11T16:46:48.003+09:00  INFO 19356 --- [http-nio-8065-exec-4] com.mmk.service.CardServiceImpl          : User 1: 추천 카드 조회 시작
2025-02-11T16:46:48.016+09:00  INFO 19356 --- [http-nio-8065-exec-4] com.mmk.service.CardServiceImpl          : User 1: 소비 카테고리 - 교통
2025-02-11T16:46:48.027+09:00  WARN 19356 --- [http-nio-8065-exec-4] com.mmk.service.CardServiceImpl          : User 1: '교통' 카테고리에서 매칭되는 혜택 없음
2025-02-11T16:46:48.028+09:00  INFO 19356 --- [http-nio-8065-exec-4] com.mmk.service.CardServiceImpl          : User 1: 소비 카테고리 - 쇼핑
2025-02-11T16:46:48.030+09:00  WARN 19356 --- [http-nio-8065-exec-4] com.mmk.service.CardServiceImpl          : User 1: '쇼핑' 카테고리에서 매칭되는 혜택 없음
2025-02-11T16:46:48.030+09:00  INFO 19356 --- [http-nio-8065-exec-4] com.mmk.service.CardServiceImpl          : User 1: 소비 카테고리 - 편의점
2025-02-11T16:46:48.032+09:00  WARN 19356 --- [http-nio-8065-exec-4] com.mmk.service.CardServiceImpl          : User 1: '편의점' 카테고리에서 매칭되는 혜택 없음
2025-02-11T16:46:48.032+09:00  INFO 19356 --- [http-nio-8065-exec-4] com.mmk.service.CardServiceImpl          : User 1: 소비 카테고리 - 교육
2025-02-11T16:46:48.033+09:00  WARN 19356 --- [http-nio-8065-exec-4] com.mmk.service.CardServiceImpl          : User 1: '교육' 카테고리에서 매칭되는 혜택 없음
2025-02-11T16:46:48.035+09:00  INFO 19356 --- [http-nio-8065-exec-4] com.mmk.service.CardServiceImpl          : User 1: 소비 카테고리 - 음식
2025-02-11T16:46:48.037+09:00  WARN 19356 --- [http-nio-8065-exec-4] com.mmk.service.CardServiceImpl          : User 1: '음식' 카테고리에서 매칭되는 혜택 없음
2025-02-11T16:46:48.037+09:00  INFO 19356 --- [http-nio-8065-exec-4] com.mmk.service.CardServiceImpl          : User 1: 소비 카테고리 - 기타
2025-02-11T16:46:48.038+09:00  WARN 19356 --- [http-nio-8065-exec-4] com.mmk.service.CardServiceImpl          : User 1: '기타' 카테고리에서 매칭되는 혜택 없음
2025-02-11T16:46:48.038+09:00  INFO 19356 --- [http-nio-8065-exec-4] com.mmk.service.CardServiceImpl          : User 1: 소비 카테고리 - 카페
2025-02-11T16:46:48.040+09:00  WARN 19356 --- [http-nio-8065-exec-4] com.mmk.service.CardServiceImpl          : User 1: '카페' 카테고리에서 매칭되는 혜택 없음
2025-02-11T16:46:48.040+09:00  WARN 19356 --- [http-nio-8065-exec-4] com.mmk.controller.CardController        : 사용자 넘버 1 에 대한 추천 카드 없음
2025-02-11T16:46:50.545+09:00  INFO 19356 --- [http-nio-8065-exec-9] com.mmk.service.CardServiceImpl          : User 1: 추천 카드 조회 시작
2025-02-11T16:46:50.547+09:00  INFO 19356 --- [http-nio-8065-exec-9] com.mmk.service.CardServiceImpl          : User 1: 소비 카테고리 - 교통
2025-02-11T16:46:50.550+09:00  WARN 19356 --- [http-nio-8065-exec-9] com.mmk.service.CardServiceImpl          : User 1: '교통' 카테고리에서 매칭되는 혜택 없음
2025-02-11T16:46:50.550+09:00  INFO 19356 --- [http-nio-8065-exec-9] com.mmk.service.CardServiceImpl          : User 1: 소비 카테고리 - 쇼핑
2025-02-11T16:46:50.552+09:00  WARN 19356 --- [http-nio-8065-exec-9] com.mmk.service.CardServiceImpl          : User 1: '쇼핑' 카테고리에서 매칭되는 혜택 없음
2025-02-11T16:46:50.552+09:00  INFO 19356 --- [http-nio-8065-exec-9] com.mmk.service.CardServiceImpl          : User 1: 소비 카테고리 - 편의점
2025-02-11T16:46:50.553+09:00  WARN 19356 --- [http-nio-8065-exec-9] com.mmk.service.CardServiceImpl          : User 1: '편의점' 카테고리에서 매칭되는 혜택 없음
2025-02-11T16:46:50.553+09:00  INFO 19356 --- [http-nio-8065-exec-9] com.mmk.service.CardServiceImpl          : User 1: 소비 카테고리 - 교육
2025-02-11T16:46:50.555+09:00  WARN 19356 --- [http-nio-8065-exec-9] com.mmk.service.CardServiceImpl          : User 1: '교육' 카테고리에서 매칭되는 혜택 없음
2025-02-11T16:46:50.555+09:00  INFO 19356 --- [http-nio-8065-exec-9] com.mmk.service.CardServiceImpl          : User 1: 소비 카테고리 - 음식
2025-02-11T16:46:50.556+09:00  WARN 19356 --- [http-nio-8065-exec-9] com.mmk.service.CardServiceImpl          : User 1: '음식' 카테고리에서 매칭되는 혜택 없음
2025-02-11T16:46:50.556+09:00  INFO 19356 --- [http-nio-8065-exec-9] com.mmk.service.CardServiceImpl          : User 1: 소비 카테고리 - 기타
2025-02-11T16:46:50.558+09:00  WARN 19356 --- [http-nio-8065-exec-9] com.mmk.service.CardServiceImpl          : User 1: '기타' 카테고리에서 매칭되는 혜택 없음
2025-02-11T16:46:50.558+09:00  INFO 19356 --- [http-nio-8065-exec-9] com.mmk.service.CardServiceImpl          : User 1: 소비 카테고리 - 카페
2025-02-11T16:46:50.559+09:00  WARN 19356 --- [http-nio-8065-exec-9] com.mmk.service.CardServiceImpl          : User 1: '카페' 카테고리에서 매칭되는 혜택 없음
2025-02-11T16:46:50.559+09:00  WARN 19356 --- [http-nio-8065-exec-9] com.mmk.controller.CardController        : 사용자 넘버 1 에 대한 추천 카드 없음
